# JRE version: OpenJDK Runtime Environment Corretto-11.0.15.9.1 (11.0.15+9) (build 11.0.15+9-LTS)
# Java VM: OpenJDK 64-Bit Server VM Corretto-11.0.15.9.1 (11.0.15+9-LTS, mixed mode, tiered, compressed oops, g1 gc, windows-amd64)
Heap:
 garbage-first heap   total 262144K, used 136341K [0x00000000e0000000, 0x0000000100000000)
  region size 1024K, 18 young (18432K), 8 survivors (8192K)
 Metaspace       used 78930K, capacity 81701K, committed 82140K, reserved 325632K
  class space    used 9459K, capacity 10470K, committed 10624K, reserved 253952K
GC Heap History (20 events):
Event: 4872.624 GC heap before
{Heap before GC invocations=41 (full 0):
 garbage-first heap   total 262144K, used 129008K [0x00000000e0000000, 0x0000000100000000)
  region size 1024K, 12 young (12288K), 8 survivors (8192K)
 Metaspace       used 78591K, capacity 81335K, committed 81884K, reserved 325632K
  class space    used 9455K, capacity 10467K, committed 10624K, reserved 253952K
}
Event: 4872.631 GC heap after
{Heap after GC invocations=42 (full 0):
 garbage-first heap   total 262144K, used 93924K [0x00000000e0000000, 0x0000000100000000)
  region size 1024K, 1 young (1024K), 1 survivors (1024K)
 Metaspace       used 78591K, capacity 81335K, committed 81884K, reserved 325632K
  class space    used 9455K, capacity 10467K, committed 10624K, reserved 253952K
}
Event: 5011.990 GC heap before
{Heap before GC invocations=42 (full 0):
 garbage-first heap   total 262144K, used 104164K [0x00000000e0000000, 0x0000000100000000)
  region size 1024K, 12 young (12288K), 1 survivors (1024K)
 Metaspace       used 78595K, capacity 81336K, committed 81884K, reserved 325632K
  class space    used 9455K, capacity 10467K, committed 10624K, reserved 253952K
}
Event: 5011.997 GC heap after
{Heap after GC invocations=43 (full 0):
 garbage-first heap   total 262144K, used 88256K [0x00000000e0000000, 0x0000000100000000)
  region size 1024K, 1 young (1024K), 1 survivors (1024K)
 Metaspace       used 78595K, capacity 81336K, committed 81884K, reserved 325632K
  class space    used 9455K, capacity 10467K, committed 10624K, reserved 253952K
}
Event: 5012.732 GC heap before
{Heap before GC invocations=43 (full 0):
 garbage-first heap   total 262144K, used 206016K [0x00000000e0000000, 0x0000000100000000)
  region size 1024K, 117 young (119808K), 1 survivors (1024K)
 Metaspace       used 78639K, capacity 81465K, committed 82140K, reserved 325632K
  class space    used 9455K, capacity 10467K, committed 10624K, reserved 253952K
}
Event: 5012.742 GC heap after
{Heap after GC invocations=44 (full 0):
 garbage-first heap   total 262144K, used 94424K [0x00000000e0000000, 0x0000000100000000)
  region size 1024K, 7 young (7168K), 7 survivors (7168K)
 Metaspace       used 78639K, capacity 81465K, committed 82140K, reserved 325632K
  class space    used 9455K, capacity 10467K, committed 10624K, reserved 253952K
}
Event: 5142.004 GC heap before
{Heap before GC invocations=44 (full 0):
 garbage-first heap   total 262144K, used 209112K [0x00000000e0000000, 0x0000000100000000)
  region size 1024K, 120 young (122880K), 7 survivors (7168K)
 Metaspace       used 78742K, capacity 81490K, committed 82140K, reserved 325632K
  class space    used 9456K, capacity 10468K, committed 10624K, reserved 253952K
}
Event: 5142.012 GC heap after
{Heap after GC invocations=45 (full 0):
 garbage-first heap   total 262144K, used 93829K [0x00000000e0000000, 0x0000000100000000)
  region size 1024K, 6 young (6144K), 6 survivors (6144K)
 Metaspace       used 78742K, capacity 81490K, committed 82140K, reserved 325632K
  class space    used 9456K, capacity 10468K, committed 10624K, reserved 253952K
}
Event: 5142.853 GC heap before
{Heap before GC invocations=45 (full 0):
 garbage-first heap   total 262144K, used 213637K [0x00000000e0000000, 0x0000000100000000)
  region size 1024K, 121 young (123904K), 6 survivors (6144K)
 Metaspace       used 78761K, capacity 81490K, committed 82140K, reserved 325632K
  class space    used 9456K, capacity 10468K, committed 10624K, reserved 253952K
}
Event: 5142.876 GC heap after
{Heap after GC invocations=46 (full 0):
 garbage-first heap   total 262144K, used 110379K [0x00000000e0000000, 0x0000000100000000)
  region size 1024K, 16 young (16384K), 16 survivors (16384K)
 Metaspace       used 78761K, capacity 81490K, committed 82140K, reserved 325632K
  class space    used 9456K, capacity 10468K, committed 10624K, reserved 253952K
}
Event: 5652.799 GC heap before
{Heap before GC invocations=46 (full 0):
 garbage-first heap   total 262144K, used 206635K [0x00000000e0000000, 0x0000000100000000)
  region size 1024K, 111 young (113664K), 16 survivors (16384K)
 Metaspace       used 78839K, capacity 81556K, committed 82140K, reserved 325632K
  class space    used 9457K, capacity 10468K, committed 10624K, reserved 253952K
}
Event: 5652.828 GC heap after
{Heap after GC invocations=47 (full 0):
 garbage-first heap   total 262144K, used 114612K [0x00000000e0000000, 0x0000000100000000)
  region size 1024K, 8 young (8192K), 8 survivors (8192K)
 Metaspace       used 78839K, capacity 81556K, committed 82140K, reserved 325632K
  class space    used 9457K, capacity 10468K, committed 10624K, reserved 253952K
}
Event: 5653.405 GC heap before
{Heap before GC invocations=47 (full 0):
 garbage-first heap   total 262144K, used 208820K [0x00000000e0000000, 0x0000000100000000)
  region size 1024K, 101 young (103424K), 8 survivors (8192K)
 Metaspace       used 78844K, capacity 81620K, committed 82140K, reserved 325632K
  class space    used 9457K, capacity 10468K, committed 10624K, reserved 253952K
}
Event: 5653.419 GC heap after
{Heap after GC invocations=48 (full 0):
 garbage-first heap   total 262144K, used 118566K [0x00000000e0000000, 0x0000000100000000)
  region size 1024K, 4 young (4096K), 4 survivors (4096K)
 Metaspace       used 78844K, capacity 81620K, committed 82140K, reserved 325632K
  class space    used 9457K, capacity 10468K, committed 10624K, reserved 253952K
}
Event: 5654.110 GC heap before
{Heap before GC invocations=48 (full 0):
 garbage-first heap   total 262144K, used 213798K [0x00000000e0000000, 0x0000000100000000)
  region size 1024K, 96 young (98304K), 4 survivors (4096K)
 Metaspace       used 78862K, capacity 81622K, committed 82140K, reserved 325632K
  class space    used 9457K, capacity 10468K, committed 10624K, reserved 253952K
}
Event: 5654.117 GC heap after
{Heap after GC invocations=49 (full 0):
 garbage-first heap   total 262144K, used 123920K [0x00000000e0000000, 0x0000000100000000)
  region size 1024K, 9 young (9216K), 9 survivors (9216K)
 Metaspace       used 78862K, capacity 81622K, committed 82140K, reserved 325632K
  class space    used 9457K, capacity 10468K, committed 10624K, reserved 253952K
}
Event: 7173.700 GC heap before
{Heap before GC invocations=49 (full 0):
 garbage-first heap   total 262144K, used 213008K [0x00000000e0000000, 0x0000000100000000)
  region size 1024K, 97 young (99328K), 9 survivors (9216K)
 Metaspace       used 78914K, capacity 81626K, committed 82140K, reserved 325632K
  class space    used 9458K, capacity 10468K, committed 10624K, reserved 253952K
}
Event: 7173.714 GC heap after
{Heap after GC invocations=50 (full 0):
 garbage-first heap   total 262144K, used 123352K [0x00000000e0000000, 0x0000000100000000)
  region size 1024K, 6 young (6144K), 6 survivors (6144K)
 Metaspace       used 78914K, capacity 81626K, committed 82140K, reserved 325632K
  class space    used 9458K, capacity 10468K, committed 10624K, reserved 253952K
}
Event: 7174.218 GC heap before
{Heap before GC invocations=50 (full 0):
 garbage-first heap   total 262144K, used 213464K [0x00000000e0000000, 0x0000000100000000)
  region size 1024K, 95 young (97280K), 6 survivors (6144K)
 Metaspace       used 78923K, capacity 81692K, committed 82140K, reserved 325632K
  class space    used 9458K, capacity 10468K, committed 10624K, reserved 253952K
}
Event: 7174.243 GC heap after
{Heap after GC invocations=51 (full 0):
 garbage-first heap   total 262144K, used 126101K [0x00000000e0000000, 0x0000000100000000)
  region size 1024K, 8 young (8192K), 8 survivors (8192K)
 Metaspace       used 78923K, capacity 81692K, committed 82140K, reserved 325632K
  class space    used 9458K, capacity 10468K, committed 10624K, reserved 253952K
}

